<?xml version="1.0" encoding="utf-8"?>
<shfbBuild product="Sandcastle Help File Builder and Tools" version="2017.5.15.0" projectFile="C:\src\GameFramework\src\CoreDocs\CoreDocs.shfbproj" started="5/29/2017 3:06:18 PM">
<buildStep step="Initializing">
Finding tools...
The Sandcastle tools are located in &#39;C:\Program Files (x86)\EWSoftware\Sandcastle Help File Builder\&#39;
Locating components in the following folder(s):
    C:\src\GameFramework\src\CoreDocs
    C:\ProgramData\EWSoftware\Sandcastle Help File Builder\Components and Plug-Ins\
    C:\Program Files (x86)\EWSoftware\Sandcastle Help File Builder\
Using framework reflection data for &#39;.NET Framework 4.6.2&#39; located in &#39;C:\Program Files (x86)\EWSoftware\Sandcastle Help File Builder\Data\.NETFramework&#39;
Using presentation style &#39;Markdown&#39; located in &#39;C:\Program Files (x86)\EWSoftware\Sandcastle Help File Builder\PresentationStyles\Markdown&#39;
-------------------------------
Clearing any prior web/markdown output...
</buildStep>
<buildStep step="ValidatingDocumentationSources">
Validating and copying documentation source information
Source: C:\src\GameFramework\src\GameFramework.Contracts\GameFramework.Contracts.csproj
    Found project &#39;C:\src\GameFramework\src\GameFramework.Contracts\GameFramework.Contracts.csproj&#39;

Parsing project files
    Found assembly &#39;C:\src\GameFramework\src\GameFramework.Contracts\bin\Debug\GameFramework.Contracts.dll&#39;

References to include (excluding framework assemblies):
    Microsoft.Data.Sqlite, Version=1.1.0.0, Culture=neutral, PublicKeyToken=adb9793829ddae60, processorArchitecture=MSIL
    Microsoft.EntityFrameworkCore, Version=1.1.2.0, Culture=neutral, PublicKeyToken=adb9793829ddae60, processorArchitecture=MSIL
    Microsoft.EntityFrameworkCore.Relational, Version=1.1.2.0, Culture=neutral, PublicKeyToken=adb9793829ddae60, processorArchitecture=MSIL
    Microsoft.EntityFrameworkCore.Sqlite, Version=1.1.2.0, Culture=neutral, PublicKeyToken=adb9793829ddae60, processorArchitecture=MSIL
    Microsoft.Extensions.Caching.Abstractions, Version=1.1.1.0, Culture=neutral, PublicKeyToken=adb9793829ddae60, processorArchitecture=MSIL
    Microsoft.Extensions.Caching.Memory, Version=1.1.1.0, Culture=neutral, PublicKeyToken=adb9793829ddae60, processorArchitecture=MSIL
    Microsoft.Extensions.DependencyInjection, Version=1.1.0.0, Culture=neutral, PublicKeyToken=adb9793829ddae60, processorArchitecture=MSIL
    Microsoft.Extensions.DependencyInjection.Abstractions, Version=1.1.0.0, Culture=neutral, PublicKeyToken=adb9793829ddae60, processorArchitecture=MSIL
    Microsoft.Extensions.Logging, Version=1.1.1.0, Culture=neutral, PublicKeyToken=adb9793829ddae60, processorArchitecture=MSIL
    Microsoft.Extensions.Logging.Abstractions, Version=1.1.1.0, Culture=neutral, PublicKeyToken=adb9793829ddae60, processorArchitecture=MSIL
    Microsoft.Extensions.Options, Version=1.1.1.0, Culture=neutral, PublicKeyToken=adb9793829ddae60, processorArchitecture=MSIL
    Microsoft.Extensions.Primitives, Version=1.1.0.0, Culture=neutral, PublicKeyToken=adb9793829ddae60, processorArchitecture=MSIL
    Microsoft.Win32.Primitives, Version=4.0.2.0, Culture=neutral, PublicKeyToken=b03f5f7f11d50a3a, processorArchitecture=MSIL
    Remotion.Linq, Version=2.1.0.0, Culture=neutral, PublicKeyToken=fee00910d6e5f53b, processorArchitecture=MSIL
    System.AppContext, Version=4.0.0.0, Culture=neutral, PublicKeyToken=b03f5f7f11d50a3a, processorArchitecture=MSIL
    System.Collections.Immutable, Version=1.2.1.0, Culture=neutral, PublicKeyToken=b03f5f7f11d50a3a, processorArchitecture=MSIL
    System.Console, Version=4.0.1.0, Culture=neutral, PublicKeyToken=b03f5f7f11d50a3a, processorArchitecture=MSIL
    System.Diagnostics.DiagnosticSource, Version=4.0.1.1, Culture=neutral, PublicKeyToken=cc7b13ffcd2ddd51, processorArchitecture=MSIL
    System.Diagnostics.Tracing, Version=4.1.1.0, Culture=neutral, PublicKeyToken=b03f5f7f11d50a3a, processorArchitecture=MSIL
    System.Globalization.Calendars, Version=4.0.2.0, Culture=neutral, PublicKeyToken=b03f5f7f11d50a3a, processorArchitecture=MSIL
    System.Interactive.Async, Version=3.0.0.0, Culture=neutral, PublicKeyToken=94bc3704cddfc263, processorArchitecture=MSIL
    System.IO, Version=4.1.1.0, Culture=neutral, PublicKeyToken=b03f5f7f11d50a3a, processorArchitecture=MSIL
    System.IO.Compression, Version=4.1.2.0, Culture=neutral, PublicKeyToken=b77a5c561934e089, processorArchitecture=MSIL
    System.IO.Compression.ZipFile, Version=4.0.2.0, Culture=neutral, PublicKeyToken=b77a5c561934e089, processorArchitecture=MSIL
    System.IO.FileSystem, Version=4.0.2.0, Culture=neutral, PublicKeyToken=b03f5f7f11d50a3a, processorArchitecture=MSIL
    System.IO.FileSystem.Primitives, Version=4.0.2.0, Culture=neutral, PublicKeyToken=b03f5f7f11d50a3a, processorArchitecture=MSIL
    System.Net.Http, Version=4.1.1.0, Culture=neutral, PublicKeyToken=b03f5f7f11d50a3a, processorArchitecture=MSIL
    System.Net.Sockets, Version=4.1.1.0, Culture=neutral, PublicKeyToken=b03f5f7f11d50a3a, processorArchitecture=MSIL
    System.Reflection, Version=4.1.1.0, Culture=neutral, PublicKeyToken=b03f5f7f11d50a3a, processorArchitecture=MSIL
    System.Runtime, Version=4.1.1.0, Culture=neutral, PublicKeyToken=b03f5f7f11d50a3a, processorArchitecture=MSIL
    System.Runtime.CompilerServices.Unsafe, Version=4.0.2.0, Culture=neutral, PublicKeyToken=b03f5f7f11d50a3a, processorArchitecture=MSIL
    System.Runtime.Extensions, Version=4.1.1.0, Culture=neutral, PublicKeyToken=b03f5f7f11d50a3a, processorArchitecture=MSIL
    System.Runtime.InteropServices, Version=4.1.0.0, Culture=neutral, PublicKeyToken=b03f5f7f11d50a3a, processorArchitecture=MSIL
    System.Runtime.InteropServices.RuntimeInformation, Version=4.0.1.0, Culture=neutral, PublicKeyToken=b03f5f7f11d50a3a, processorArchitecture=MSIL
    System.Security.Cryptography.Algorithms, Version=4.1.0.0, Culture=neutral, PublicKeyToken=b03f5f7f11d50a3a, processorArchitecture=MSIL
    System.Security.Cryptography.Encoding, Version=4.0.1.0, Culture=neutral, PublicKeyToken=b03f5f7f11d50a3a, processorArchitecture=MSIL
    System.Security.Cryptography.Primitives, Version=4.0.1.0, Culture=neutral, PublicKeyToken=b03f5f7f11d50a3a, processorArchitecture=MSIL
    System.Security.Cryptography.X509Certificates, Version=4.1.1.0, Culture=neutral, PublicKeyToken=b03f5f7f11d50a3a, processorArchitecture=MSIL
    System.Xml.ReaderWriter, Version=4.1.0.0, Culture=neutral, PublicKeyToken=b03f5f7f11d50a3a, processorArchitecture=MSIL
SHFB: Warning BE0062: No documentation source XML comments files found.  The help file will not contain any member comments.
</buildStep>
<buildStep step="GenerateSharedContent">
Generating shared content files (en-US, English (United States))...
    Last step completed in 00:00:00.0040
</buildStep>
<buildStep step="GenerateApiFilter">
Generating API filter for MRefBuilder...
    Last step completed in 00:00:00.0010
</buildStep>
<buildStep step="GenerateReflectionInfo">
Generating reflection information...
[C:\Program Files (x86)\Microsoft Visual Studio\2017\Enterprise\MSBuild\15.0\Bin\MSBuild.exe - GenerateRefInfo.proj]
Build started 5/29/2017 3:06:19 PM.
Project &quot;C:\src\GameFramework\src\CoreDocs\Help\Working\GenerateRefInfo.proj&quot; on node 1 (default targets).
PrepareForBuild:
  Creating directory &quot;obj\Debug\&quot;.
GenerateRefInfo:
  MRefBuilder (v2017.5.15.0)
  Copyright c 2006-2017, Microsoft Corporation, All Rights Reserved.
  Portions Copyright c 2006-2016, Eric Woodruff, All Rights Reserved.
  No source code context base path specified.  Source context information is unavailable.
  Loaded 1 assemblies for reflection and 86 dependency assemblies.
  Wrote information on 2 namespaces, 5 types, and 37 members
  Copying file from &quot;reflection.org&quot; to &quot;reflection.all&quot;.
  XslTransform (v2017.5.15.0)
  Copyright c 2006-2017, Microsoft Corporation, All Rights Reserved.
  Portions Copyright c 2006-2016, Eric Woodruff, All Rights Reserved.
  Applying XSL transformation &#39;C:\Program Files (x86)\EWSoftware\Sandcastle Help File Builder\ProductionTransforms\MergeDuplicates.xsl&#39;.
Done Building Project &quot;C:\src\GameFramework\src\CoreDocs\Help\Working\GenerateRefInfo.proj&quot; (default targets).

Build succeeded.

Time Elapsed 00:00:00.98
    Last step completed in 00:00:01.2921
</buildStep>
<buildStep step="TransformReflectionInfo">
Transforming reflection output...
[C:\Program Files (x86)\Microsoft Visual Studio\2017\Enterprise\MSBuild\15.0\Bin\MSBuild.exe - TransformManifest.proj]
Build started 5/29/2017 3:06:20 PM.
Project &quot;C:\src\GameFramework\src\CoreDocs\Help\Working\TransformManifest.proj&quot; on node 1 (default targets).
TransformManifest:
  XslTransform (v2017.5.15.0)
  Copyright c 2006-2017, Microsoft Corporation, All Rights Reserved.
  Portions Copyright c 2006-2016, Eric Woodruff, All Rights Reserved.
  Applying XSL transformation &#39;C:\Program Files (x86)\EWSoftware\Sandcastle Help File Builder\\ProductionTransforms\ApplyVSDocModel.xsl&#39;.
  Copying file from &quot;reflection.xml&quot; to &quot;reflection.ungrouped&quot;.
  AddNamespaceGroups (v2017.5.15.0)
  Copyright c 2006-2017, Eric Woodruff, All Rights Reserved
  Added 0 namespace group entries
  Copying file from &quot;reflection.xml&quot; to &quot;reflection.nofilenames&quot;.
  XslTransform (v2017.5.15.0)
  Copyright c 2006-2017, Microsoft Corporation, All Rights Reserved.
  Portions Copyright c 2006-2016, Eric Woodruff, All Rights Reserved.
  Applying XSL transformation &#39;C:\Program Files (x86)\EWSoftware\Sandcastle Help File Builder\ProductionTransforms\AddFilenames.xsl&#39;.
  XslTransform (v2017.5.15.0)
  Copyright c 2006-2017, Microsoft Corporation, All Rights Reserved.
  Portions Copyright c 2006-2016, Eric Woodruff, All Rights Reserved.
  Applying XSL transformation &#39;C:\Program Files (x86)\EWSoftware\Sandcastle Help File Builder\ProductionTransforms\ReflectionToManifest.xsl&#39;.
Done Building Project &quot;C:\src\GameFramework\src\CoreDocs\Help\Working\TransformManifest.proj&quot; (default targets).

Build succeeded.

Time Elapsed 00:00:00.52
    Last step completed in 00:00:00.7770
</buildStep>
<buildStep step="GenerateNamespaceSummaries">
Generating namespace summary information...
    Last step completed in 00:00:00.0790
</buildStep>
<buildStep step="GenerateInheritedDocumentation">
Generating inherited documentation...
[C:\Program Files (x86)\Microsoft Visual Studio\2017\Enterprise\MSBuild\15.0\Bin\MSBuild.exe - GenerateInheritedDocs.proj]
Sandcastle Help File Builder and Tools, version 2017.5.15.0
Copyright c 2006-2017, Eric Woodruff, All Rights Reserved
E-Mail: Eric@EWoodruff.us

Reflection information will be retrieved from &#39;reflection.xml&#39;
Inherited documentation will be written to &#39;_InheritedDocs_.xml&#39;
Indexing C:\Program Files (x86)\Reference Assemblies\Microsoft\Framework\.NETFramework\v4.6.2\*.xml
Indexing C:\Program Files (x86)\Reference Assemblies\Microsoft\FSharp\.NETFramework\v4.0\4.4.0.0\*.xml
Indexing C:\src\GameFramework\src\CoreDocs\Help\Working\System.Runtime.CompilerServices.Unsafe.xml
Indexing C:\src\GameFramework\src\CoreDocs\Help\Working\System.Interactive.Async.xml
Indexing C:\src\GameFramework\src\CoreDocs\Help\Working\System.Diagnostics.DiagnosticSource.xml
Indexing C:\src\GameFramework\src\CoreDocs\Help\Working\System.Collections.Immutable.xml
Indexing C:\src\GameFramework\src\CoreDocs\Help\Working\Remotion.Linq.xml
Indexing C:\src\GameFramework\src\CoreDocs\Help\Working\Microsoft.Extensions.Primitives.xml
Indexing C:\src\GameFramework\src\CoreDocs\Help\Working\Microsoft.Extensions.Options.xml
Indexing C:\src\GameFramework\src\CoreDocs\Help\Working\Microsoft.Extensions.Logging.Abstractions.xml
Indexing C:\src\GameFramework\src\CoreDocs\Help\Working\Microsoft.Extensions.Logging.xml
Indexing C:\src\GameFramework\src\CoreDocs\Help\Working\Microsoft.Extensions.DependencyInjection.Abstractions.xml
Indexing C:\src\GameFramework\src\CoreDocs\Help\Working\Microsoft.Extensions.DependencyInjection.xml
Indexing C:\src\GameFramework\src\CoreDocs\Help\Working\Microsoft.Extensions.Caching.Memory.xml
Indexing C:\src\GameFramework\src\CoreDocs\Help\Working\Microsoft.Extensions.Caching.Abstractions.xml
Indexing C:\src\GameFramework\src\CoreDocs\Help\Working\Microsoft.EntityFrameworkCore.Sqlite.xml
Indexing C:\src\GameFramework\src\CoreDocs\Help\Working\Microsoft.EntityFrameworkCore.Relational.xml
Indexing C:\src\GameFramework\src\CoreDocs\Help\Working\Microsoft.EntityFrameworkCore.xml
Indexing C:\src\GameFramework\src\CoreDocs\Help\Working\Microsoft.Data.Sqlite.xml
Indexing C:\src\GameFramework\src\CoreDocs\Help\Working\_ProjNS_.xml
Indexed 167871 members in 145 file(s).  18 file(s) to scan for &lt;inheritdoc /&gt; tags.
Merging inherited documentation...


Documentation merged successfully
    Last step completed in 00:00:02.0930
</buildStep>
<buildStep step="CopyConceptualContent">
Copying conceptual content...
Copying standard token shared content file...
Checking for other token files...
Checking for code snippets files...
Copying images and creating the media map file...
Generating conceptual topic files
    Parsing topic file &#39;C:\src\GameFramework\src\CoreDocs\Content\Welcome.aml&#39;
    C:\src\GameFramework\src\CoreDocs\Content\Welcome.aml -&gt; C:\src\GameFramework\src\CoreDocs\Help\Working\ddueXml\599f4c65-2f39-4fe5-812f-62766664d713.xml
    Parsing topic file &#39;C:\src\GameFramework\src\CoreDocs\Content\VersionHistory\VersionHistory.aml&#39;
    C:\src\GameFramework\src\CoreDocs\Content\VersionHistory\VersionHistory.aml -&gt; C:\src\GameFramework\src\CoreDocs\Help\Working\ddueXml\d86ac5b0-0dfa-4f80-8a91-9d77187a30ab.xml
    Parsing topic file &#39;C:\src\GameFramework\src\CoreDocs\Content\VersionHistory\v1.0.0.0.aml&#39;
    C:\src\GameFramework\src\CoreDocs\Content\VersionHistory\v1.0.0.0.aml -&gt; C:\src\GameFramework\src\CoreDocs\Help\Working\ddueXml\aea6ef43-d1f9-41ba-9e6a-2562763a2475.xml
    Last step completed in 00:00:00.0410
</buildStep>
<buildStep step="CreateConceptualTopicConfigs">
Creating conceptual topic configuration files...
    Companion files
    _ContentMetadata_.xml
    Merging topic IDs into manifest.xml
    Last step completed in 00:00:00.0652
</buildStep>
<buildStep step="CopyAdditionalContent">
Copying additional content files...
C:\src\GameFramework\src\CoreDocs\icons\Help.png -&gt; C:\src\GameFramework\src\CoreDocs\Help\Working\Output\Markdown\icons\Help.png
    Last step completed in 00:00:00.0040
</buildStep>
<buildStep step="MergeTablesOfContents">
Merging conceptual and additional tables of contents...
    Last step completed in 00:00:00.0010
</buildStep>
<buildStep step="GenerateIntermediateTableOfContents">
Generating intermediate table of contents file...
[C:\Program Files (x86)\Microsoft Visual Studio\2017\Enterprise\MSBuild\15.0\Bin\MSBuild.exe - GenerateIntermediateTOC.proj]
Build started 5/29/2017 3:06:23 PM.
Project &quot;C:\src\GameFramework\src\CoreDocs\Help\Working\GenerateIntermediateTOC.proj&quot; on node 1 (default targets).
GenerateIntermediateTOC:
  XslTransform (v2017.5.15.0)
  Copyright c 2006-2017, Microsoft Corporation, All Rights Reserved.
  Portions Copyright c 2006-2016, Eric Woodruff, All Rights Reserved.
  Applying XSL transformation &#39;C:\Program Files (x86)\EWSoftware\Sandcastle Help File Builder\\ProductionTransforms\CreateVSToc.xsl&#39;.
Done Building Project &quot;C:\src\GameFramework\src\CoreDocs\Help\Working\GenerateIntermediateTOC.proj&quot; (default targets).

Build succeeded.

Time Elapsed 00:00:00.13
Generating conceptual content intermediate TOC file...
    Last step completed in 00:00:00.3571
</buildStep>
<buildStep step="CreateBuildAssemblerConfigs">
Creating Sandcastle configuration files...
    sandcastle.config
    Last step completed in 00:00:00.2600
</buildStep>
<buildStep step="MergeCustomConfigs">
Merging custom build component configurations
C:\src\GameFramework\src\CoreDocs\Help\Working\sandcastle.config
  Updating reference topic configurations.
  Updating conceptual topic configurations.
    Removing unused ExampleComponent.
    Last step completed in 00:00:00.0050
</buildStep>
<buildStep step="BuildTopics">
Building help topics...
[C:\Program Files (x86)\Microsoft Visual Studio\2017\Enterprise\MSBuild\15.0\Bin\MSBuild.exe - BuildTopics.proj]
Build started 5/29/2017 3:06:24 PM.
Project &quot;C:\src\GameFramework\src\CoreDocs\Help\Working\BuildTopics.proj&quot; on node 1 (default targets).
BuildTopics:
  BuildAssembler (v2017.5.15.0)
  Copyright c 2006-2017, Microsoft Corporation, All Rights Reserved.
  Portions Copyright c 2006-2016, Eric Woodruff, All Rights Reserved.
  Loading configuration...
  Processing topics...
BuildAssembler : warning : ShowMissingComponent: [N:GameFramework.Contracts.Abstractions.Domain] Missing &lt;summary&gt; documentation [C:\src\GameFramework\src\CoreDocs\Help\Working\BuildTopics.proj]
BuildAssembler : warning : ShowMissingComponent: [T:GameFramework.Contracts.Abstractions.Domain.AstroData] Missing &lt;summary&gt; documentation [C:\src\GameFramework\src\CoreDocs\Help\Working\BuildTopics.proj]
BuildAssembler : warning : ShowMissingComponent: [M:GameFramework.Contracts.Abstractions.Domain.AstroData.#ctor(System.Int32,System.Int32,System.Int32,System.Int32,GameFramework.Contracts.Interfaces.Domain.AstroType,GameFramework.Contracts.Interfaces.Domain.ITerrainData)] Missing &lt;param name=&quot;galaxy&quot;/&gt; documentation [C:\src\GameFramework\src\CoreDocs\Help\Working\BuildTopics.proj]
BuildAssembler : warning : ShowMissingComponent: [M:GameFramework.Contracts.Abstractions.Domain.AstroData.#ctor(System.Int32,System.Int32,System.Int32,System.Int32,GameFramework.Contracts.Interfaces.Domain.AstroType,GameFramework.Contracts.Interfaces.Domain.ITerrainData)] Missing &lt;param name=&quot;region&quot;/&gt; documentation [C:\src\GameFramework\src\CoreDocs\Help\Working\BuildTopics.proj]
BuildAssembler : warning : ShowMissingComponent: [M:GameFramework.Contracts.Abstractions.Domain.AstroData.#ctor(System.Int32,System.Int32,System.Int32,System.Int32,GameFramework.Contracts.Interfaces.Domain.AstroType,GameFramework.Contracts.Interfaces.Domain.ITerrainData)] Missing &lt;param name=&quot;system&quot;/&gt; documentation [C:\src\GameFramework\src\CoreDocs\Help\Working\BuildTopics.proj]
BuildAssembler : warning : ShowMissingComponent: [M:GameFramework.Contracts.Abstractions.Domain.AstroData.#ctor(System.Int32,System.Int32,System.Int32,System.Int32,GameFramework.Contracts.Interfaces.Domain.AstroType,GameFramework.Contracts.Interfaces.Domain.ITerrainData)] Missing &lt;param name=&quot;position&quot;/&gt; documentation [C:\src\GameFramework\src\CoreDocs\Help\Working\BuildTopics.proj]
BuildAssembler : warning : ShowMissingComponent: [M:GameFramework.Contracts.Abstractions.Domain.AstroData.#ctor(System.Int32,System.Int32,System.Int32,System.Int32,GameFramework.Contracts.Interfaces.Domain.AstroType,GameFramework.Contracts.Interfaces.Domain.ITerrainData)] Missing &lt;param name=&quot;type&quot;/&gt; documentation [C:\src\GameFramework\src\CoreDocs\Help\Working\BuildTopics.proj]
BuildAssembler : warning : ShowMissingComponent: [M:GameFramework.Contracts.Abstractions.Domain.AstroData.#ctor(System.Int32,System.Int32,System.Int32,System.Int32,GameFramework.Contracts.Interfaces.Domain.AstroType,GameFramework.Contracts.Interfaces.Domain.ITerrainData)] Missing &lt;param name=&quot;terrain&quot;/&gt; documentation [C:\src\GameFramework\src\CoreDocs\Help\Working\BuildTopics.proj]
BuildAssembler : warning : ShowMissingComponent: [P:GameFramework.Contracts.Abstractions.Domain.AstroData.Galaxy] Missing &lt;summary&gt; documentation [C:\src\GameFramework\src\CoreDocs\Help\Working\BuildTopics.proj]
BuildAssembler : warning : ShowMissingComponent: [P:GameFramework.Contracts.Abstractions.Domain.AstroData.Id] Missing &lt;summary&gt; documentation [C:\src\GameFramework\src\CoreDocs\Help\Working\BuildTopics.proj]
BuildAssembler : warning : ShowMissingComponent: [P:GameFramework.Contracts.Abstractions.Domain.AstroData.Position] Missing &lt;summary&gt; documentation [C:\src\GameFramework\src\CoreDocs\Help\Working\BuildTopics.proj]
BuildAssembler : warning : ShowMissingComponent: [P:GameFramework.Contracts.Abstractions.Domain.AstroData.Region] Missing &lt;summary&gt; documentation [C:\src\GameFramework\src\CoreDocs\Help\Working\BuildTopics.proj]
BuildAssembler : warning : ShowMissingComponent: [P:GameFramework.Contracts.Abstractions.Domain.AstroData.System] Missing &lt;summary&gt; documentation [C:\src\GameFramework\src\CoreDocs\Help\Working\BuildTopics.proj]
BuildAssembler : warning : ShowMissingComponent: [P:GameFramework.Contracts.Abstractions.Domain.AstroData.Terrain] Missing &lt;summary&gt; documentation [C:\src\GameFramework\src\CoreDocs\Help\Working\BuildTopics.proj]
BuildAssembler : warning : ShowMissingComponent: [P:GameFramework.Contracts.Abstractions.Domain.AstroData.Type] Missing &lt;summary&gt; documentation [C:\src\GameFramework\src\CoreDocs\Help\Working\BuildTopics.proj]
BuildAssembler : warning : ShowMissingComponent: [T:GameFramework.Contracts.Abstractions.Domain.TerrainData] Missing &lt;summary&gt; documentation [C:\src\GameFramework\src\CoreDocs\Help\Working\BuildTopics.proj]
BuildAssembler : warning : ShowMissingComponent: [M:GameFramework.Contracts.Abstractions.Domain.TerrainData.#ctor(System.String,System.Int32,System.Int32,System.Int32,System.Int32,System.Int32,System.Int32)] Missing &lt;param name=&quot;name&quot;/&gt; documentation [C:\src\GameFramework\src\CoreDocs\Help\Working\BuildTopics.proj]
BuildAssembler : warning : ShowMissingComponent: [M:GameFramework.Contracts.Abstractions.Domain.TerrainData.#ctor(System.String,System.Int32,System.Int32,System.Int32,System.Int32,System.Int32,System.Int32)] Missing &lt;param name=&quot;metal&quot;/&gt; documentation [C:\src\GameFramework\src\CoreDocs\Help\Working\BuildTopics.proj]
BuildAssembler : warning : ShowMissingComponent: [M:GameFramework.Contracts.Abstractions.Domain.TerrainData.#ctor(System.String,System.Int32,System.Int32,System.Int32,System.Int32,System.Int32,System.Int32)] Missing &lt;param name=&quot;gas&quot;/&gt; documentation [C:\src\GameFramework\src\CoreDocs\Help\Working\BuildTopics.proj]
BuildAssembler : warning : ShowMissingComponent: [M:GameFramework.Contracts.Abstractions.Domain.TerrainData.#ctor(System.String,System.Int32,System.Int32,System.Int32,System.Int32,System.Int32,System.Int32)] Missing &lt;param name=&quot;crystals&quot;/&gt; documentation [C:\src\GameFramework\src\CoreDocs\Help\Working\BuildTopics.proj]
BuildAssembler : warning : ShowMissingComponent: [M:GameFramework.Contracts.Abstractions.Domain.TerrainData.#ctor(System.String,System.Int32,System.Int32,System.Int32,System.Int32,System.Int32,System.Int32)] Missing &lt;param name=&quot;fertility&quot;/&gt; documentation [C:\src\GameFramework\src\CoreDocs\Help\Working\BuildTopics.proj]
BuildAssembler : warning : ShowMissingComponent: [M:GameFramework.Contracts.Abstractions.Domain.TerrainData.#ctor(System.String,System.Int32,System.Int32,System.Int32,System.Int32,System.Int32,System.Int32)] Missing &lt;param name=&quot;upper&quot;/&gt; documentation [C:\src\GameFramework\src\CoreDocs\Help\Working\BuildTopics.proj]
BuildAssembler : warning : ShowMissingComponent: [M:GameFramework.Contracts.Abstractions.Domain.TerrainData.#ctor(System.String,System.Int32,System.Int32,System.Int32,System.Int32,System.Int32,System.Int32)] Missing &lt;param name=&quot;lower&quot;/&gt; documentation [C:\src\GameFramework\src\CoreDocs\Help\Working\BuildTopics.proj]
BuildAssembler : warning : ShowMissingComponent: [P:GameFramework.Contracts.Abstractions.Domain.TerrainData.AreaMoon] Missing &lt;summary&gt; documentation [C:\src\GameFramework\src\CoreDocs\Help\Working\BuildTopics.proj]
BuildAssembler : warning : ShowMissingComponent: [P:GameFramework.Contracts.Abstractions.Domain.TerrainData.AreaPlanet] Missing &lt;summary&gt; documentation [C:\src\GameFramework\src\CoreDocs\Help\Working\BuildTopics.proj]
BuildAssembler : warning : ShowMissingComponent: [P:GameFramework.Contracts.Abstractions.Domain.TerrainData.Crystals] Missing &lt;summary&gt; documentation [C:\src\GameFramework\src\CoreDocs\Help\Working\BuildTopics.proj]
BuildAssembler : warning : ShowMissingComponent: [P:GameFramework.Contracts.Abstractions.Domain.TerrainData.Fertility] Missing &lt;summary&gt; documentation [C:\src\GameFramework\src\CoreDocs\Help\Working\BuildTopics.proj]
BuildAssembler : warning : ShowMissingComponent: [P:GameFramework.Contracts.Abstractions.Domain.TerrainData.Gas] Missing &lt;summary&gt; documentation [C:\src\GameFramework\src\CoreDocs\Help\Working\BuildTopics.proj]
BuildAssembler : warning : ShowMissingComponent: [P:GameFramework.Contracts.Abstractions.Domain.TerrainData.Id] Missing &lt;summary&gt; documentation [C:\src\GameFramework\src\CoreDocs\Help\Working\BuildTopics.proj]
BuildAssembler : warning : ShowMissingComponent: [P:GameFramework.Contracts.Abstractions.Domain.TerrainData.Metal] Missing &lt;summary&gt; documentation [C:\src\GameFramework\src\CoreDocs\Help\Working\BuildTopics.proj]
BuildAssembler : warning : ShowMissingComponent: [P:GameFramework.Contracts.Abstractions.Domain.TerrainData.Name] Missing &lt;summary&gt; documentation [C:\src\GameFramework\src\CoreDocs\Help\Working\BuildTopics.proj]
BuildAssembler : warning : ShowMissingComponent: [N:GameFramework.Contracts.Interfaces.Domain] Missing &lt;summary&gt; documentation [C:\src\GameFramework\src\CoreDocs\Help\Working\BuildTopics.proj]
BuildAssembler : warning : ShowMissingComponent: [T:GameFramework.Contracts.Interfaces.Domain.AstroType] Missing &lt;summary&gt; documentation [C:\src\GameFramework\src\CoreDocs\Help\Working\BuildTopics.proj]
BuildAssembler : warning : ShowMissingComponent: [T:GameFramework.Contracts.Interfaces.Domain.IAstroData] Missing &lt;summary&gt; documentation [C:\src\GameFramework\src\CoreDocs\Help\Working\BuildTopics.proj]
BuildAssembler : warning : ShowMissingComponent: [P:GameFramework.Contracts.Interfaces.Domain.IAstroData.Galaxy] Missing &lt;summary&gt; documentation [C:\src\GameFramework\src\CoreDocs\Help\Working\BuildTopics.proj]
BuildAssembler : warning : ShowMissingComponent: [P:GameFramework.Contracts.Interfaces.Domain.IAstroData.Id] Missing &lt;summary&gt; documentation [C:\src\GameFramework\src\CoreDocs\Help\Working\BuildTopics.proj]
BuildAssembler : warning : ShowMissingComponent: [P:GameFramework.Contracts.Interfaces.Domain.IAstroData.Position] Missing &lt;summary&gt; documentation [C:\src\GameFramework\src\CoreDocs\Help\Working\BuildTopics.proj]
BuildAssembler : warning : ShowMissingComponent: [P:GameFramework.Contracts.Interfaces.Domain.IAstroData.Region] Missing &lt;summary&gt; documentation [C:\src\GameFramework\src\CoreDocs\Help\Working\BuildTopics.proj]
BuildAssembler : warning : ShowMissingComponent: [P:GameFramework.Contracts.Interfaces.Domain.IAstroData.System] Missing &lt;summary&gt; documentation [C:\src\GameFramework\src\CoreDocs\Help\Working\BuildTopics.proj]
BuildAssembler : warning : ShowMissingComponent: [P:GameFramework.Contracts.Interfaces.Domain.IAstroData.Terrain] Missing &lt;summary&gt; documentation [C:\src\GameFramework\src\CoreDocs\Help\Working\BuildTopics.proj]
BuildAssembler : warning : ShowMissingComponent: [P:GameFramework.Contracts.Interfaces.Domain.IAstroData.Type] Missing &lt;summary&gt; documentation [C:\src\GameFramework\src\CoreDocs\Help\Working\BuildTopics.proj]
BuildAssembler : warning : ShowMissingComponent: [T:GameFramework.Contracts.Interfaces.Domain.ITerrainData] Missing &lt;summary&gt; documentation [C:\src\GameFramework\src\CoreDocs\Help\Working\BuildTopics.proj]
BuildAssembler : warning : ShowMissingComponent: [P:GameFramework.Contracts.Interfaces.Domain.ITerrainData.AreaMoon] Missing &lt;summary&gt; documentation [C:\src\GameFramework\src\CoreDocs\Help\Working\BuildTopics.proj]
BuildAssembler : warning : ShowMissingComponent: [P:GameFramework.Contracts.Interfaces.Domain.ITerrainData.AreaPlanet] Missing &lt;summary&gt; documentation [C:\src\GameFramework\src\CoreDocs\Help\Working\BuildTopics.proj]
BuildAssembler : warning : ShowMissingComponent: [P:GameFramework.Contracts.Interfaces.Domain.ITerrainData.Crystals] Missing &lt;summary&gt; documentation [C:\src\GameFramework\src\CoreDocs\Help\Working\BuildTopics.proj]
BuildAssembler : warning : ShowMissingComponent: [P:GameFramework.Contracts.Interfaces.Domain.ITerrainData.Fertility] Missing &lt;summary&gt; documentation [C:\src\GameFramework\src\CoreDocs\Help\Working\BuildTopics.proj]
BuildAssembler : warning : ShowMissingComponent: [P:GameFramework.Contracts.Interfaces.Domain.ITerrainData.Gas] Missing &lt;summary&gt; documentation [C:\src\GameFramework\src\CoreDocs\Help\Working\BuildTopics.proj]
BuildAssembler : warning : ShowMissingComponent: [P:GameFramework.Contracts.Interfaces.Domain.ITerrainData.Id] Missing &lt;summary&gt; documentation [C:\src\GameFramework\src\CoreDocs\Help\Working\BuildTopics.proj]
BuildAssembler : warning : ShowMissingComponent: [P:GameFramework.Contracts.Interfaces.Domain.ITerrainData.Metal] Missing &lt;summary&gt; documentation [C:\src\GameFramework\src\CoreDocs\Help\Working\BuildTopics.proj]
BuildAssembler : warning : ShowMissingComponent: [P:GameFramework.Contracts.Interfaces.Domain.ITerrainData.Name] Missing &lt;summary&gt; documentation [C:\src\GameFramework\src\CoreDocs\Help\Working\BuildTopics.proj]
BuildAssembler : warning : ShowMissingComponent: [G:] Missing &lt;summary&gt; documentation [C:\src\GameFramework\src\CoreDocs\Help\Working\BuildTopics.proj]
  Processed 49 topic(s)
  51 warning(s)
  CopyFromIndexComponent: &quot;metadata&quot; in-memory cache entries used: 1 of 15.
  ResolveArtLinksComponent: Copying media files...
  CopyFromIndexComponent: &quot;reflection&quot; in-memory cache entries used: 2 of 15.
  CopyFromIndexComponent: &quot;comments&quot; in-memory cache entries used: 2 of 30.
Done Building Project &quot;C:\src\GameFramework\src\CoreDocs\Help\Working\BuildTopics.proj&quot; (default targets).

Build succeeded.

Time Elapsed 00:00:12.83
    Last step completed in 00:00:13.1140
</buildStep>
<buildStep step="CombiningIntermediateTocFiles">
Combining conceptual and API intermediate TOC files...
    Last step completed in 00:00:00.0030
</buildStep>
<buildStep step="CopyStandardHelpContent">
Copying standard help content...
C:\Program Files (x86)\EWSoftware\Sandcastle Help File Builder\PresentationStyles\Markdown\media\AlertCaution.png -&gt; C:\src\GameFramework\src\CoreDocs\Help\Working\Output\Markdown\media\AlertCaution.png
C:\Program Files (x86)\EWSoftware\Sandcastle Help File Builder\PresentationStyles\Markdown\media\AlertNote.png -&gt; C:\src\GameFramework\src\CoreDocs\Help\Working\Output\Markdown\media\AlertNote.png
C:\Program Files (x86)\EWSoftware\Sandcastle Help File Builder\PresentationStyles\Markdown\media\AlertSecurity.png -&gt; C:\src\GameFramework\src\CoreDocs\Help\Working\Output\Markdown\media\AlertSecurity.png
C:\Program Files (x86)\EWSoftware\Sandcastle Help File Builder\PresentationStyles\Markdown\media\CFW.gif -&gt; C:\src\GameFramework\src\CoreDocs\Help\Working\Output\Markdown\media\CFW.gif
C:\Program Files (x86)\EWSoftware\Sandcastle Help File Builder\PresentationStyles\Markdown\media\CodeExample.png -&gt; C:\src\GameFramework\src\CoreDocs\Help\Working\Output\Markdown\media\CodeExample.png
C:\Program Files (x86)\EWSoftware\Sandcastle Help File Builder\PresentationStyles\Markdown\media\privclass.gif -&gt; C:\src\GameFramework\src\CoreDocs\Help\Working\Output\Markdown\media\privclass.gif
C:\Program Files (x86)\EWSoftware\Sandcastle Help File Builder\PresentationStyles\Markdown\media\privdelegate.gif -&gt; C:\src\GameFramework\src\CoreDocs\Help\Working\Output\Markdown\media\privdelegate.gif
C:\Program Files (x86)\EWSoftware\Sandcastle Help File Builder\PresentationStyles\Markdown\media\privenumeration.gif -&gt; C:\src\GameFramework\src\CoreDocs\Help\Working\Output\Markdown\media\privenumeration.gif
C:\Program Files (x86)\EWSoftware\Sandcastle Help File Builder\PresentationStyles\Markdown\media\privevent.gif -&gt; C:\src\GameFramework\src\CoreDocs\Help\Working\Output\Markdown\media\privevent.gif
C:\Program Files (x86)\EWSoftware\Sandcastle Help File Builder\PresentationStyles\Markdown\media\privextension.gif -&gt; C:\src\GameFramework\src\CoreDocs\Help\Working\Output\Markdown\media\privextension.gif
C:\Program Files (x86)\EWSoftware\Sandcastle Help File Builder\PresentationStyles\Markdown\media\privfield.gif -&gt; C:\src\GameFramework\src\CoreDocs\Help\Working\Output\Markdown\media\privfield.gif
C:\Program Files (x86)\EWSoftware\Sandcastle Help File Builder\PresentationStyles\Markdown\media\privinterface.gif -&gt; C:\src\GameFramework\src\CoreDocs\Help\Working\Output\Markdown\media\privinterface.gif
C:\Program Files (x86)\EWSoftware\Sandcastle Help File Builder\PresentationStyles\Markdown\media\privmethod.gif -&gt; C:\src\GameFramework\src\CoreDocs\Help\Working\Output\Markdown\media\privmethod.gif
C:\Program Files (x86)\EWSoftware\Sandcastle Help File Builder\PresentationStyles\Markdown\media\privproperty.gif -&gt; C:\src\GameFramework\src\CoreDocs\Help\Working\Output\Markdown\media\privproperty.gif
C:\Program Files (x86)\EWSoftware\Sandcastle Help File Builder\PresentationStyles\Markdown\media\privstructure.gif -&gt; C:\src\GameFramework\src\CoreDocs\Help\Working\Output\Markdown\media\privstructure.gif
C:\Program Files (x86)\EWSoftware\Sandcastle Help File Builder\PresentationStyles\Markdown\media\protclass.gif -&gt; C:\src\GameFramework\src\CoreDocs\Help\Working\Output\Markdown\media\protclass.gif
C:\Program Files (x86)\EWSoftware\Sandcastle Help File Builder\PresentationStyles\Markdown\media\protdelegate.gif -&gt; C:\src\GameFramework\src\CoreDocs\Help\Working\Output\Markdown\media\protdelegate.gif
C:\Program Files (x86)\EWSoftware\Sandcastle Help File Builder\PresentationStyles\Markdown\media\protenumeration.gif -&gt; C:\src\GameFramework\src\CoreDocs\Help\Working\Output\Markdown\media\protenumeration.gif
C:\Program Files (x86)\EWSoftware\Sandcastle Help File Builder\PresentationStyles\Markdown\media\protevent.gif -&gt; C:\src\GameFramework\src\CoreDocs\Help\Working\Output\Markdown\media\protevent.gif
C:\Program Files (x86)\EWSoftware\Sandcastle Help File Builder\PresentationStyles\Markdown\media\protextension.gif -&gt; C:\src\GameFramework\src\CoreDocs\Help\Working\Output\Markdown\media\protextension.gif
C:\Program Files (x86)\EWSoftware\Sandcastle Help File Builder\PresentationStyles\Markdown\media\protfield.gif -&gt; C:\src\GameFramework\src\CoreDocs\Help\Working\Output\Markdown\media\protfield.gif
C:\Program Files (x86)\EWSoftware\Sandcastle Help File Builder\PresentationStyles\Markdown\media\protinterface.gif -&gt; C:\src\GameFramework\src\CoreDocs\Help\Working\Output\Markdown\media\protinterface.gif
C:\Program Files (x86)\EWSoftware\Sandcastle Help File Builder\PresentationStyles\Markdown\media\protmethod.gif -&gt; C:\src\GameFramework\src\CoreDocs\Help\Working\Output\Markdown\media\protmethod.gif
C:\Program Files (x86)\EWSoftware\Sandcastle Help File Builder\PresentationStyles\Markdown\media\protoperator.gif -&gt; C:\src\GameFramework\src\CoreDocs\Help\Working\Output\Markdown\media\protoperator.gif
C:\Program Files (x86)\EWSoftware\Sandcastle Help File Builder\PresentationStyles\Markdown\media\protproperty.gif -&gt; C:\src\GameFramework\src\CoreDocs\Help\Working\Output\Markdown\media\protproperty.gif
C:\Program Files (x86)\EWSoftware\Sandcastle Help File Builder\PresentationStyles\Markdown\media\protstructure.gif -&gt; C:\src\GameFramework\src\CoreDocs\Help\Working\Output\Markdown\media\protstructure.gif
C:\Program Files (x86)\EWSoftware\Sandcastle Help File Builder\PresentationStyles\Markdown\media\pubclass.gif -&gt; C:\src\GameFramework\src\CoreDocs\Help\Working\Output\Markdown\media\pubclass.gif
C:\Program Files (x86)\EWSoftware\Sandcastle Help File Builder\PresentationStyles\Markdown\media\pubdelegate.gif -&gt; C:\src\GameFramework\src\CoreDocs\Help\Working\Output\Markdown\media\pubdelegate.gif
C:\Program Files (x86)\EWSoftware\Sandcastle Help File Builder\PresentationStyles\Markdown\media\pubenumeration.gif -&gt; C:\src\GameFramework\src\CoreDocs\Help\Working\Output\Markdown\media\pubenumeration.gif
C:\Program Files (x86)\EWSoftware\Sandcastle Help File Builder\PresentationStyles\Markdown\media\pubevent.gif -&gt; C:\src\GameFramework\src\CoreDocs\Help\Working\Output\Markdown\media\pubevent.gif
C:\Program Files (x86)\EWSoftware\Sandcastle Help File Builder\PresentationStyles\Markdown\media\pubextension.gif -&gt; C:\src\GameFramework\src\CoreDocs\Help\Working\Output\Markdown\media\pubextension.gif
C:\Program Files (x86)\EWSoftware\Sandcastle Help File Builder\PresentationStyles\Markdown\media\pubfield.gif -&gt; C:\src\GameFramework\src\CoreDocs\Help\Working\Output\Markdown\media\pubfield.gif
C:\Program Files (x86)\EWSoftware\Sandcastle Help File Builder\PresentationStyles\Markdown\media\pubinterface.gif -&gt; C:\src\GameFramework\src\CoreDocs\Help\Working\Output\Markdown\media\pubinterface.gif
C:\Program Files (x86)\EWSoftware\Sandcastle Help File Builder\PresentationStyles\Markdown\media\pubmethod.gif -&gt; C:\src\GameFramework\src\CoreDocs\Help\Working\Output\Markdown\media\pubmethod.gif
C:\Program Files (x86)\EWSoftware\Sandcastle Help File Builder\PresentationStyles\Markdown\media\puboperator.gif -&gt; C:\src\GameFramework\src\CoreDocs\Help\Working\Output\Markdown\media\puboperator.gif
C:\Program Files (x86)\EWSoftware\Sandcastle Help File Builder\PresentationStyles\Markdown\media\pubproperty.gif -&gt; C:\src\GameFramework\src\CoreDocs\Help\Working\Output\Markdown\media\pubproperty.gif
C:\Program Files (x86)\EWSoftware\Sandcastle Help File Builder\PresentationStyles\Markdown\media\pubstructure.gif -&gt; C:\src\GameFramework\src\CoreDocs\Help\Working\Output\Markdown\media\pubstructure.gif
C:\Program Files (x86)\EWSoftware\Sandcastle Help File Builder\PresentationStyles\Markdown\media\slMobile.gif -&gt; C:\src\GameFramework\src\CoreDocs\Help\Working\Output\Markdown\media\slMobile.gif
C:\Program Files (x86)\EWSoftware\Sandcastle Help File Builder\PresentationStyles\Markdown\media\static.gif -&gt; C:\src\GameFramework\src\CoreDocs\Help\Working\Output\Markdown\media\static.gif
C:\Program Files (x86)\EWSoftware\Sandcastle Help File Builder\PresentationStyles\Markdown\media\xna.gif -&gt; C:\src\GameFramework\src\CoreDocs\Help\Working\Output\Markdown\media\xna.gif
C:\Program Files (x86)\EWSoftware\Sandcastle Help File Builder\PresentationStyles\Markdown\MarkdownContent\_Footer.md -&gt; C:\src\GameFramework\src\CoreDocs\Help\Working\Output\Markdown\_Footer.md
    Last step completed in 00:00:00.3030
</buildStep>
<buildStep step="GenerateHelpFormatTableOfContents">
Executing informational Generate Table of Contents build step for plug-ins (not used for Markdown)
    Last step completed in 00:00:00.0020
</buildStep>
<buildStep step="GenerateHelpProject">
Executing informational Generate Help Project build step for plug-ins (not used for Markdown)
    Last step completed in 00:00:00.0010
</buildStep>
<buildStep step="CompilingHelpFile">
Generating markdown content...
[C:\Program Files (x86)\Microsoft Visual Studio\2017\Enterprise\MSBuild\15.0\Bin\MSBuild.exe - GenerateMarkdownContent.proj]
  Finished generating 48 topics
  Copying content to output folder...
  Finished copying 93 files
    Last step completed in 00:00:00.5080
</buildStep>
<buildStep step="CleanIntermediates">
Removing intermediate files...
    Last step completed in 00:00:00.1370
</buildStep>
<buildStep step="Completed">

Build completed successfully at 5/29/2017 3:06:38 PM.  Total time: 00:00:20.0124

</buildStep>
</shfbBuild>
